<?xml version="1.0" encoding="UTF-8"?>
<coverage generated="1628688939970" clover="3.2.0">
  <project timestamp="1628688939971" name="All files">
    <metrics statements="10" coveredstatements="10" conditionals="3" coveredconditionals="3" methods="2" coveredmethods="2" elements="15" coveredelements="15" complexity="0" loc="10" ncloc="10" packages="1" files="1" classes="1"/>
    <file name="sign-up-controller.ts" path="/home/integracao01/Documents/clean-architeture-api/src/presentation/controllers/sign-up-controller.ts">
      <metrics statements="10" coveredstatements="10" conditionals="3" coveredconditionals="3" methods="2" coveredmethods="2"/>
      <line num="1" count="1" type="cond" truecount="2" falsecount="0"/>
      <line num="2" count="1" type="cond" truecount="1" falsecount="0"/>
      <line num="3" count="1" type="stmt"/>
      <line num="4" count="1" type="stmt"/>
      <line num="5" count="1" type="stmt"/>
      <line num="6" count="1" type="stmt"/>
      <line num="7" count="1" type="stmt"/>
      <line num="8" count="1" type="stmt"/>
      <line num="9" count="1" type="stmt"/>
      <line num="10" count="1" type="stmt"/>
    </file>
  </project>
</coverage>
